G:\LIBRARIES\DOCUMENTS\VISUAL STUDIO 2012\PROJECTS\ADDDINGSOUND\ENGINEPROJECTGROUP10\ENGINEPROJECTGROUP10\DEBUG\AUDIOSYSTEM.OBJ
G:\LIBRARIES\DOCUMENTS\VISUAL STUDIO 2012\PROJECTS\ADDDINGSOUND\ENGINEPROJECTGROUP10\ENGINEPROJECTGROUP10\DEBUG\CHANNEL.OBJ
G:\LIBRARIES\DOCUMENTS\VISUAL STUDIO 2012\PROJECTS\ADDDINGSOUND\ENGINEPROJECTGROUP10\ENGINEPROJECTGROUP10\DEBUG\EVENTMANAGER.OBJ
G:\LIBRARIES\DOCUMENTS\VISUAL STUDIO 2012\PROJECTS\ADDDINGSOUND\ENGINEPROJECTGROUP10\ENGINEPROJECTGROUP10\DEBUG\GUIELEMENT.OBJ
G:\LIBRARIES\DOCUMENTS\VISUAL STUDIO 2012\PROJECTS\ADDDINGSOUND\ENGINEPROJECTGROUP10\ENGINEPROJECTGROUP10\DEBUG\GUISTATEMANAGER.OBJ
G:\LIBRARIES\DOCUMENTS\VISUAL STUDIO 2012\PROJECTS\ADDDINGSOUND\ENGINEPROJECTGROUP10\ENGINEPROJECTGROUP10\DEBUG\INPUT.OBJ
G:\LIBRARIES\DOCUMENTS\VISUAL STUDIO 2012\PROJECTS\ADDDINGSOUND\ENGINEPROJECTGROUP10\ENGINEPROJECTGROUP10\DEBUG\SCRIPT.OBJ
G:\LIBRARIES\DOCUMENTS\VISUAL STUDIO 2012\PROJECTS\ADDDINGSOUND\ENGINEPROJECTGROUP10\ENGINEPROJECTGROUP10\DEBUG\SCRIPTMANAGER.OBJ
G:\LIBRARIES\DOCUMENTS\VISUAL STUDIO 2012\PROJECTS\ADDDINGSOUND\ENGINEPROJECTGROUP10\ENGINEPROJECTGROUP10\DEBUG\SOUNDRESOURCE.OBJ
G:\LIBRARIES\DOCUMENTS\VISUAL STUDIO 2012\PROJECTS\ADDDINGSOUND\ENGINEPROJECTGROUP10\ENGINEPROJECTGROUP10\DEBUG\VC110.PDB
G:\Libraries\Documents\Visual Studio 2012\Projects\ADDDINGSOUND\EngineProjectGroup10\EngineProjectGroup10\Debug\AudioSystem.obj
G:\Libraries\Documents\Visual Studio 2012\Projects\ADDDINGSOUND\EngineProjectGroup10\EngineProjectGroup10\Debug\Channel.obj
G:\Libraries\Documents\Visual Studio 2012\Projects\ADDDINGSOUND\EngineProjectGroup10\EngineProjectGroup10\Debug\EventManager.obj
G:\Libraries\Documents\Visual Studio 2012\Projects\ADDDINGSOUND\EngineProjectGroup10\EngineProjectGroup10\Debug\GUIElement.obj
G:\Libraries\Documents\Visual Studio 2012\Projects\ADDDINGSOUND\EngineProjectGroup10\EngineProjectGroup10\Debug\GUIStateManager.obj
G:\Libraries\Documents\Visual Studio 2012\Projects\ADDDINGSOUND\EngineProjectGroup10\EngineProjectGroup10\Debug\Input.obj
G:\Libraries\Documents\Visual Studio 2012\Projects\ADDDINGSOUND\EngineProjectGroup10\EngineProjectGroup10\Debug\Script.obj
G:\Libraries\Documents\Visual Studio 2012\Projects\ADDDINGSOUND\EngineProjectGroup10\EngineProjectGroup10\Debug\ScriptManager.obj
G:\Libraries\Documents\Visual Studio 2012\Projects\ADDDINGSOUND\EngineProjectGroup10\EngineProjectGroup10\Debug\SoundResource.obj
G:\Libraries\Documents\Visual Studio 2012\Projects\ADDDINGSOUND\EngineProjectGroup10\EngineProjectGroup10\Debug\cl.command.1.tlog
G:\Libraries\Documents\Visual Studio 2012\Projects\ADDDINGSOUND\EngineProjectGroup10\EngineProjectGroup10\Debug\CL.read.1.tlog
G:\Libraries\Documents\Visual Studio 2012\Projects\ADDDINGSOUND\EngineProjectGroup10\EngineProjectGroup10\Debug\CL.write.1.tlog
G:\Libraries\Documents\Visual Studio 2012\Projects\ADDDINGSOUND\EngineProjectGroup10\EngineProjectGroup10\Debug\vc110.idb
G:\Libraries\Documents\Visual Studio 2012\Projects\ADDDINGSOUND\EngineProjectGroup10\EngineProjectGroup10\Debug\vc110.pdb
